<?xml version="1.0" encoding="UTF-8"?>
<!-- Generated by org.testng.reporters.JUnitXMLReporter -->
<testsuite hostname="Kristi-??" name="Registration order" tests="3" failures="0" timestamp="8 Feb 2016 22:08:01 GMT" time="78.854" errors="0">
  <testcase name="testMobileError" time="6.436" classname="com.gl.joinnowpageobject.JoinNowTest"/>
  <testcase name="testUsernameError" time="6.1" classname="com.gl.joinnowpageobject.JoinNowTest"/>
  <testcase name="testEmailError" time="5.877" classname="com.gl.joinnowpageobject.JoinNowTest"/>
</testsuite> <!-- Registration order -->
