<?xml version="1.0" encoding="UTF-8"?>
<!-- Generated by org.testng.reporters.JUnitXMLReporter -->
<testsuite hostname="Kristi-??" name="Surefire test" tests="3" failures="0" timestamp="8 Feb 2016 21:46:23 GMT" time="101.703" errors="0">
  <testcase name="testEmailError" time="6.244" classname="com.gl.joinnowpageobject.JoinNowTest"/>
  <testcase name="testMobileError" time="6.581" classname="com.gl.joinnowpageobject.JoinNowTest"/>
  <testcase name="testUsernameError" time="6.124" classname="com.gl.joinnowpageobject.JoinNowTest"/>
</testsuite> <!-- Surefire test -->
